{"numTotalTestSuites":6,"numPassedTestSuites":6,"numFailedTestSuites":0,"numPendingTestSuites":0,"numTotalTests":9,"numPassedTests":9,"numFailedTests":0,"numPendingTests":0,"numTodoTests":0,"snapshot":{"added":0,"failure":false,"filesAdded":0,"filesRemoved":0,"filesRemovedList":[],"filesUnmatched":0,"filesUpdated":0,"matched":0,"total":0,"unchecked":0,"uncheckedKeysByFile":[],"unmatched":0,"updated":0,"didUpdate":false},"startTime":1786597735070,"success":true,"testResults":[{"assertionResults":[{"ancestorTitles":["resolveParticlesWidgetConfig"],"fullName":"resolveParticlesWidgetConfig upgrades the exact legacy heart defaults with Heart Puff","status":"passed","title":"upgrades the exact legacy heart defaults with Heart Puff","duration":339.377800000002,"failureMessages":[],"meta":{}},{"ancestorTitles":["resolveParticlesWidgetConfig"],"fullName":"resolveParticlesWidgetConfig does not overwrite a custom heart gift selection","status":"passed","title":"does not overwrite a custom heart gift selection","duration":6.421500000000378,"failureMessages":[],"meta":{}},{"ancestorTitles":["resolveParticlesWidgetConfig"],"fullName":"resolveParticlesWidgetConfig enables bubbles when upgrading an existing all-effects widget","status":"passed","title":"enables bubbles when upgrading an existing all-effects widget","duration":1.1428999999989173,"failureMessages":[],"meta":{}}],"startTime":1786597749995,"endTime":1786597750343.1428,"status":"passed","message":"","name":"C:/Dev/ilyStream/src/shared/widgets/configs.test.ts"},{"assertionResults":[{"ancestorTitles":["buildParticlesOverlayHtml"],"fullName":"buildParticlesOverlayHtml runs one finite burst for a Heart Me gift without reacting to ordinary likes","status":"passed","title":"runs one finite burst for a Heart Me gift without reacting to ordinary likes","duration":10.952099999998609,"failureMessages":[],"meta":{}},{"ancestorTitles":["buildParticlesOverlayHtml"],"fullName":"buildParticlesOverlayHtml routes the recommended TikTok gift families and scales bursts by value","status":"passed","title":"routes the recommended TikTok gift families and scales bursts by value","duration":7.513800000000629,"failureMessages":[],"meta":{}},{"ancestorTitles":["buildParticlesOverlayHtml"],"fullName":"buildParticlesOverlayHtml honors a saved custom gift selection instead of fixed effect names","status":"passed","title":"honors a saved custom gift selection instead of fixed effect names","duration":1.8667999999997846,"failureMessages":[],"meta":{}},{"ancestorTitles":["buildParticlesOverlayHtml"],"fullName":"buildParticlesOverlayHtml maps Blow Bubbles to bubbles and Heart Puff to hearts","status":"passed","title":"maps Blow Bubbles to bubbles and Heart Puff to hearts","duration":2.175599999998667,"failureMessages":[],"meta":{}},{"ancestorTitles":["buildParticlesOverlayHtml"],"fullName":"buildParticlesOverlayHtml launches a firework before expanding it into a radial spark burst","status":"passed","title":"launches a firework before expanding it into a radial spark burst","duration":10.763899999998102,"failureMessages":[],"meta":{}}],"startTime":1786597741607,"endTime":1786597741640.764,"status":"passed","message":"","name":"C:/Dev/ilyStream/src/main/overlay/templates/particles.test.ts"},{"assertionResults":[{"ancestorTitles":["particle editor previews"],"fullName":"particle editor previews creates a distinct render request every time the same layer is tested","status":"passed","title":"creates a distinct render request every time the same layer is tested","duration":5.161200000002282,"failureMessages":[],"meta":{}}],"startTime":1786597757186,"endTime":1786597757191.1611,"status":"passed","message":"","name":"C:/Dev/ilyStream/src/renderer/pages/WidgetPage/components/ConfigEditors/ParticlesConfigEditor.test.ts"}]}